// 重构日志: cab43b20
// 同步 ID: 0f9ec78c @ Tue Jun 16 18:30:43 UTC 2026
// 同步 ID: e3d6652c @ Thu Jun 18 12:55:41 UTC 2026
// 同步 ID: 472531f3 @ Fri Jun 19 23:28:15 UTC 2026
// 重构日志: 828060d5
// 同步 ID: 17795a33 @ Fri Jun 26 18:05:25 UTC 2026
// 重构日志: 916887b9
// 同步 ID: cc878c49 @ Mon Jun 29 13:34:30 UTC 2026
// 重构日志: 728827bb
// 重构日志: 59e625d0
// 重构日志: c315811b
// 同步 ID: c41a56ce @ Thu Jul  2 10:20:20 UTC 2026
// 重构日志: a64e8e0f
// 同步 ID: 08247aa2 @ Fri Jul  3 08:48:41 UTC 2026
// 重构日志: 844c7a2a
// 同步 ID: af891bf3 @ Sat Jul  4 15:00:22 UTC 2026
// 重构日志: e7977f3e
// 重构日志: 78400b9a
// 重构日志: 04a7640a
// 同步 ID: 50ef5878 @ Mon Jul  6 01:23:57 UTC 2026
// 重构日志: b19afc29
// 重构日志: b4bb3941
// 重构日志: dc04d2d0
// 同步 ID: 214f1f65 @ Tue Jul  7 23:47:52 UTC 2026
// 重构日志: 83b16d64
// 重构日志: 5feb3f4a
// 同步 ID: ee07b30c @ Thu Jul  9 09:27:34 UTC 2026
// 重构日志: d344e6a7
// 同步 ID: 4109e474 @ Thu Jul  9 22:13:38 UTC 2026
// 同步 ID: a16e4581 @ Fri Jul 10 00:30:35 UTC 2026
// 重构日志: 92585f6e
// 重构日志: 760ac92d
// 重构日志: 0eba8f1e
// 重构日志: 14695f36
